
======================================================================
ws63 SDK integration smoke test — 2026-06-11T19:54:48.994426
======================================================================

======================================================================
Environment
======================================================================
WS63 SDK:   /home/scc/workspace/firmwareunstable/ws63_sdk
Primary CDB: /home/scc/workspace/firmwareunstable/ws63_sdk/output/ws63/acore/ws63-liteos-app/compile_commands.json  (30.1 MB)
  first entry: /home/scc/workspace/firmwareunstable/ws63_sdk/open_source/mbedtls/mbedtls_v3.1.0/library/aes.c
  -D flag count in first entry's command: 122
  sample -D: -DAT_COMMAND -DBGLE_TASK_EXIST -DBRANDY_CHIP_FPGA -DBRANDY_CHIP_V -DBS

======================================================================
Step 1 — Find a representative .c file
======================================================================
Picked: /home/scc/workspace/firmwareunstable/ws63_sdk/middleware/utils/nv/nv_storage_lib/nv_key.c
  898 lines
  27 #if/#ifdef/#ifndef directives
  0 #elif branches
  target filename basename: nv_key.c

======================================================================
Step 2 — Run macropruner on the picked file
======================================================================
  $ .venv/bin/python cli.py read /home/scc/workspace/firmwareunstable/ws63_sdk/middleware/utils/nv/nv_storage_lib/nv_key.c --cdb /home/scc/workspace/firmwareunstable/ws63_sdk/output/ws63/acore/ws63-liteos-app/compile_commands.json
  (0.2s)
/* --- MacroPruner-Ctx (CLI) --------------------- */
/* File:      /home/scc/workspace/firmwareunstable/ws63_sdk/middleware/utils/nv/nv_storage_lib/nv_key.c */
/* Target:    DEFAULT                                  */
/* Lines:     184/898 dropped (20.49%)       */
/* Tokens:    643/8823 saved (7.29%)         */
/* Mode:      physical                                 */
/* Backend:   regex                                    */
/* ------------------------------------------------ */

/*
 * Copyright (c) HiSilicon (Shanghai) Technologies Co., Ltd. 2019-2022. All rights reserved.
 * Description: K
  ... (truncated, total 30757 chars) ...
  exit code: 0

======================================================================
Step 3 — Skeletonize the same file
======================================================================
  $ .venv/bin/python cli.py skeleton /home/scc/workspace/firmwareunstable/ws63_sdk/middleware/utils/nv/nv_storage_lib/nv_key.c --cdb /home/scc/workspace/firmwareunstable/ws63_sdk/output/ws63/acore/ws63-liteos-app/compile_commands.json
  (0.2s)
/* --- MacroPruner-Ctx (CLI / Skeleton) --------- */
/* Original:  898 lines                            */
/* Skeleton:  100 lines                           */
/* Stripped:  35 functions                      */
/* ------------------------------------------------ */

/*
 * Copyright (c) HiSilicon (Shanghai) Technologies Co., Ltd. 2019-2022. All rights reserved.
 * Description: KV Storage Library key access module implementation
 */

#include "nv_key.h"
#include "string.h"
#include "nv_porting.h"
#include "uapi_crc.h"
#include "nv_nvregion.h"
#include "common_def.h"

#define KV_CLEARTEXT_PADDING
  ... (truncated, total 5815 chars) ...
  exit code: 0

======================================================================
Step 4 — regex vs clang diff (oracle check)
======================================================================
  $ .venv/bin/python cli.py diff /home/scc/workspace/firmwareunstable/ws63_sdk/middleware/utils/nv/nv_storage_lib/nv_key.c --cdb /home/scc/workspace/firmwareunstable/ws63_sdk/output/ws63/acore/ws63-liteos-app/compile_commands.json
  (0.5s)
Disagreement: 869 line(s) only regex-active, 0 line(s) only clang-active.
  regex active, clang inactive: [1, 2, 3, 4, 5, 6, 7, 8, 9, 10, 11, 13, 14, 15, 16, 17, 18, 19, 20, 21]...

  exit code: 1

======================================================================
Step 5 — Token budget enforcement (auto-degradation)
======================================================================

---   --token-budget=0 ---
  $ mcp_server.py read_c(nv_key.c token_budget=0 cdb=...)
  (0.7s)
/* --- MacroPruner-Ctx ---------------------------- */
/* Target:    DEFAULT                             */
/* Lines:     184/898 dropped (20.49%)              */
/* Tokens:    643/8823 saved (7.29%)                  */
/* Mode:      physical                                */
/* Backend:   regex                              */
/* ------------------------------------------------ */

/*
 * Copyright (c) HiSilicon (Shanghai) Technologies Co., Ltd. 2019-2022. All rights reserved.
 * Description: KV Storage Library key access module implementation
 */

#include "nv_key.h"
#include "string.h"
#inclu
  ... (truncated, total 30654 chars) ...
    exit code: 0

---   --token-budget=80 ---
  $ mcp_server.py read_c(nv_key.c token_budget=80 cdb=...)
  (0.7s)
/* --- MacroPruner-Ctx ---------------------------- */
/* Target:    DEFAULT                             */
/* Lines:     184/898 dropped (20.49%)              */
/* Tokens:    643/8823 saved (7.29%)                  */
/* Mode:      physical                                */
/* Backend:   regex                              */
/* [WARN] Over budget: pruned=8180, skel=1499, cap=80 */
/* ------------------------------------------------ */

/*
 * Copyright (c) HiSilicon (Shanghai) Technologies Co., Ltd. 2019-2022. All rights reserved.
 * Description: KV Storage Library key access module implement
  ... (truncated, total 30711 chars) ...
    exit code: 0

---   --token-budget=30 ---
  $ mcp_server.py read_c(nv_key.c token_budget=30 cdb=...)
  (0.7s)
/* --- MacroPruner-Ctx ---------------------------- */
/* Target:    DEFAULT                             */
/* Lines:     184/898 dropped (20.49%)              */
/* Tokens:    643/8823 saved (7.29%)                  */
/* Mode:      physical                                */
/* Backend:   regex                              */
/* [WARN] Over budget: pruned=8180, skel=1499, cap=30 */
/* ------------------------------------------------ */

/*
 * Copyright (c) HiSilicon (Shanghai) Technologies Co., Ltd. 2019-2022. All rights reserved.
 * Description: KV Storage Library key access module implement
  ... (truncated, total 30711 chars) ...
    exit code: 0

---   --token-budget=5 ---
  $ mcp_server.py read_c(nv_key.c token_budget=5 cdb=...)
  (0.7s)
/* --- MacroPruner-Ctx ---------------------------- */
/* Target:    DEFAULT                             */
/* Lines:     184/898 dropped (20.49%)              */
/* Tokens:    643/8823 saved (7.29%)                  */
/* Mode:      physical                                */
/* Backend:   regex                              */
/* [WARN] Over budget: pruned=8180, skel=1499, cap=5 */
/* ------------------------------------------------ */

/*
 * Copyright (c) HiSilicon (Shanghai) Technologies Co., Ltd. 2019-2022. All rights reserved.
 * Description: KV Storage Library key access module implementa
  ... (truncated, total 30710 chars) ...
    exit code: 0

======================================================================
Step 6 — Conditional #include (Stage 3 Phase 2) on a multi-file .c
======================================================================
Picked multi-include file: /home/scc/workspace/firmwareunstable/ws63_sdk/protocol/wifi/source/host/hmac/hmac_config.c (108 includes)
  $ .venv/bin/python cli.py read /home/scc/workspace/firmwareunstable/ws63_sdk/protocol/wifi/source/host/hmac/hmac_config.c --cdb /home/scc/workspace/firmwareunstable/ws63_sdk/output/ws63/acore/ws63-liteos-app/compile_commands.json
  (0.2s)
/* --- MacroPruner-Ctx (CLI) --------------------- */
/* File:      /home/scc/workspace/firmwareunstable/ws63_sdk/protocol/wifi/source/host/hmac/hmac_config.c */
/* Target:    DEFAULT                                  */
/* Lines:     2062/5663 dropped (36.41%)       */
/* Tokens:    15356/59675 saved (25.73%)         */
/* Mode:      physical                                 */
/* Backend:   regex                                    */
/* ------------------------------------------------ */

﻿/*
 * Copyright (c) HiSilicon (Shanghai) Technologies Co., Ltd. 2020-2023. All rights reserved.
 * Descri
  ... (truncated, total 164476 chars) ...
  exit code: 0

======================================================================
Done
======================================================================
Full log: /home/scc/workspace/ai_test/macropruner-ctx/integration/ws63_smoke.log
